<?xml version="1.0" encoding="UTF-8"?>
<Site BuildName="Darwin-clang++"
	BuildStamp="20240318-0847-Experimental"
	Name="gang-inseogs-MacBook-Air.local"
	Generator="ctest-3.28.3"
	CompilerName="/usr/bin/clang++"
	CompilerVersion=""
	OSName="macOS"
	Hostname="gang-inseogs-MacBook-Air.local"
	OSRelease="14.3.1"
	OSVersion="23D60"
	OSPlatform="arm64"
	Is64Bits="1"
	VendorString="IBM"
	VendorID="IBM"
	FamilyID="16777228"
	ModelID="2"
	ProcessorCacheSize="131072"
	NumberOfLogicalCPU="8"
	NumberOfPhysicalCPU="8"
	TotalVirtualMemory="2048"
	TotalPhysicalMemory="8192"
	LogicalProcessorsPerPhysical="8"
	ProcessorClockFrequency="0"
	>
	<Testing>
		<StartDateTime>Mar 18 17:47 KST</StartDateTime>
		<StartTestTime>1710751629</StartTestTime>
		<TestList/>
		<EndDateTime>Mar 18 17:47 KST</EndDateTime>
		<EndTestTime>1710751629</EndTestTime>
		<ElapsedMinutes>0</ElapsedMinutes>
	</Testing>
</Site>
